08:01:49 **** Incremental Build of configuration Debug for project NUCLEO-F4446RE-CC1120 ****
make -j12 all 
arm-none-eabi-gcc "../external/I2C/i2c_lib.c" -mcpu=cortex-m4 -std=gnu11 -g3 -DUSE_HAL_DRIVER -DSTM32F446xx -DDEBUG -c -I../Core/Inc -I../Drivers/STM32F4xx_HAL_Driver/Inc -I../Drivers/STM32F4xx_HAL_Driver/Inc/Legacy -I../Drivers/CMSIS/Device/ST/STM32F4xx/Include -I../Drivers/CMSIS/Include -I/Users/sean/STM32CubeIDE/workspace_1.4.0/NUCLEO-F4446RE-CC1120/external/includes -O0 -ffunction-sections -fdata-sections -Wall -fstack-usage -MMD -MP -MF"external/I2C/i2c_lib.d" -MT"external/I2C/i2c_lib.o" --specs=nano.specs -mfpu=fpv4-sp-d16 -mfloat-abi=hard -mthumb -o "external/I2C/i2c_lib.o"
arm-none-eabi-gcc "../Core/Src/main.c" -mcpu=cortex-m4 -std=gnu11 -g3 -DUSE_HAL_DRIVER -DSTM32F446xx -DDEBUG -c -I../Core/Inc -I../Drivers/STM32F4xx_HAL_Driver/Inc -I../Drivers/STM32F4xx_HAL_Driver/Inc/Legacy -I../Drivers/CMSIS/Device/ST/STM32F4xx/Include -I../Drivers/CMSIS/Include -I/Users/sean/STM32CubeIDE/workspace_1.4.0/NUCLEO-F4446RE-CC1120/external/includes -O0 -ffunction-sections -fdata-sections -Wall -fstack-usage -MMD -MP -MF"Core/Src/main.d" -MT"Core/Src/main.o" --specs=nano.specs -mfpu=fpv4-sp-d16 -mfloat-abi=hard -mthumb -o "Core/Src/main.o"
In file included from ../external/I2C/i2c_lib.c:1:
../external/I2C/../includes/i2c_lib.h:8:10: fatal error: stm32f4xx_hal_i2c.h: No such file or directory
    8 | #include "stm32f4xx_hal_i2c.h"
      |          ^~~~~~~~~~~~~~~~~~~~~
compilation terminated.
../Core/Src/main.c:25:10: fatal error: cc112x_spi.h: No such file or directory
   25 | #include "cc112x_spi.h"
      |          ^~~~~~~~~~~~~~
compilation terminated.
make: *** [external/I2C/subdir.mk:19: external/I2C/i2c_lib.o] Error 1
make: *** Waiting for unfinished jobs....
make: *** [Core/Src/subdir.mk:34: Core/Src/main.o] Error 1
"make -j12 all" terminated with exit code 2. Build might be incomplete.

08:01:50 Build Failed. 5 errors, 0 warnings. (took 561ms)

